2018-04-19 14:20:46 JakartaCommonsLoggingImpl.java DEBUG Logging initialized using 'org.mybatis.generator.logging.commons.JakartaCommonsLoggingLogFactory@4ec6a292' adapter.
  2018-04-19 14:20:46 JakartaCommonsLoggingImpl.java DEBUG Retrieving column information for table "ldlsc_user"
  2018-04-19 14:20:46 JakartaCommonsLoggingImpl.java DEBUG Found column "user_id", data type 12, in table "ldlsc..ldlsc_user"
  2018-04-19 14:20:46 JakartaCommonsLoggingImpl.java DEBUG Found column "USER_NAME", data type 12, in table "ldlsc..ldlsc_user"
  2018-04-19 14:20:46 JakartaCommonsLoggingImpl.java DEBUG Found column "USERLOGINNAME", data type 12, in table "ldlsc..ldlsc_user"
  2018-04-19 14:20:46 JakartaCommonsLoggingImpl.java DEBUG Found column "USERPASSWORD", data type 12, in table "ldlsc..ldlsc_user"
  2018-04-19 14:20:46 JakartaCommonsLoggingImpl.java DEBUG Found column "USERINDEX", data type 12, in table "ldlsc..ldlsc_user"
  2018-05-03 14:40:18 JakartaCommonsLoggingImpl.java DEBUG Logging initialized using 'org.mybatis.generator.logging.commons.JakartaCommonsLoggingLogFactory@2a18f23c' adapter.
  2018-05-03 14:40:18 JakartaCommonsLoggingImpl.java DEBUG Retrieving column information for table "zj_dwzpdjb"
  2018-05-03 14:40:18 JakartaCommonsLoggingImpl.java DEBUG Found column "ZPBH", data type 12, in table "labor..zj_dwzpdjb"
  2018-05-03 14:40:18 JakartaCommonsLoggingImpl.java DEBUG Found column "DWBH", data type 12, in table "labor..zj_dwzpdjb"
  2018-05-03 14:40:18 JakartaCommonsLoggingImpl.java DEBUG Found column "DWLXR", data type 12, in table "labor..zj_dwzpdjb"
  2018-05-03 14:40:18 JakartaCommonsLoggingImpl.java DEBUG Found column "LXRSFZHM", data type 12, in table "labor..zj_dwzpdjb"
  2018-05-03 14:40:18 JakartaCommonsLoggingImpl.java DEBUG Found column "LXRSJ", data type 12, in table "labor..zj_dwzpdjb"
  2018-05-03 14:40:18 JakartaCommonsLoggingImpl.java DEBUG Found column "SFDJ", data type 12, in table "labor..zj_dwzpdjb"
  2018-05-03 14:40:18 JakartaCommonsLoggingImpl.java DEBUG Found column "DJYXQ", data type 4, in table "labor..zj_dwzpdjb"
  2018-05-03 14:40:18 JakartaCommonsLoggingImpl.java DEBUG Found column "DJSJ", data type 12, in table "labor..zj_dwzpdjb"
  2018-05-03 14:40:18 JakartaCommonsLoggingImpl.java DEBUG Found column "GDSJ", data type 12, in table "labor..zj_dwzpdjb"
  2018-05-03 14:40:18 JakartaCommonsLoggingImpl.java DEBUG Retrieving column information for table "bio"
  2018-05-03 14:40:18 JakartaCommonsLoggingImpl.java DEBUG Found column "bio_id", data type 12, in table "labor..bio"
  2018-05-03 14:40:18 JakartaCommonsLoggingImpl.java DEBUG Found column "bio_no", data type 12, in table "labor..bio"
  2018-05-03 14:40:18 JakartaCommonsLoggingImpl.java DEBUG Found column "bio_name", data type 12, in table "labor..bio"
  2018-05-03 14:40:18 JakartaCommonsLoggingImpl.java DEBUG Found column "bio_shortname", data type 12, in table "labor..bio"
  2018-05-03 14:40:18 JakartaCommonsLoggingImpl.java DEBUG Found column "bio_orgtype", data type 12, in table "labor..bio"
  2018-05-03 14:40:18 JakartaCommonsLoggingImpl.java DEBUG Found column "cdg_regtype", data type 12, in table "labor..bio"
  2018-05-03 14:40:18 JakartaCommonsLoggingImpl.java DEBUG Found column "bio_industry", data type 12, in table "labor..bio"
  2018-05-03 14:40:18 JakartaCommonsLoggingImpl.java DEBUG Found column "bio_rga_regioncode", data type 12, in table "labor..bio"
  2018-05-03 14:40:18 JakartaCommonsLoggingImpl.java DEBUG Found column "bio_bua_postcode", data type 12, in table "labor..bio"
  2018-05-03 14:40:18 JakartaCommonsLoggingImpl.java DEBUG Found column "bio_con_fax", data type 12, in table "labor..bio"
  2018-05-03 14:40:18 JakartaCommonsLoggingImpl.java DEBUG Found column "bio_con_mail", data type 12, in table "labor..bio"
  2018-05-03 14:40:18 JakartaCommonsLoggingImpl.java DEBUG Found column "bio_bua_address", data type 12, in table "labor..bio"
  